TN:
SF:/home/chubi/Desktop/node-todo-api/server/server.js
FN:24,(anonymous_1)
FNF:1
FNH:1
FNDA:1,(anonymous_1)
DA:1,1
DA:2,1
DA:12,1
DA:14,1
DA:15,1
DA:17,1
DA:18,1
DA:19,1
DA:20,1
DA:21,1
DA:23,1
DA:24,1
DA:26,1
LF:13
LH:13
BRDA:23,0,0,1
BRDA:23,0,1,1
BRF:2
BRH:2
end_of_record
TN:
SF:/home/chubi/Desktop/node-todo-api/server/db/pg.js
FN:10,(anonymous_1)
FNF:1
FNH:1
FNDA:12,(anonymous_1)
DA:1,1
DA:2,1
DA:4,1
DA:5,1
DA:10,1
DA:12,12
DA:13,12
DA:14,12
DA:15,11
DA:17,12
DA:20,1
LF:11
LH:11
BRF:0
BRH:0
end_of_record
TN:
SF:/home/chubi/Desktop/node-todo-api/server/db/utils.js
FN:1,(anonymous_0)
FN:5,(anonymous_1)
FN:8,(anonymous_2)
FN:12,(anonymous_3)
FN:16,(anonymous_4)
FN:20,(anonymous_5)
FNF:6
FNH:6
FNDA:2,(anonymous_0)
FNDA:1,(anonymous_1)
FNDA:2,(anonymous_2)
FNDA:1,(anonymous_3)
FNDA:4,(anonymous_4)
FNDA:2,(anonymous_5)
DA:1,2
DA:5,1
DA:8,2
DA:12,1
DA:16,4
DA:20,2
LF:6
LH:6
BRF:0
BRH:0
end_of_record
TN:
SF:/home/chubi/Desktop/node-todo-api/server/models/operations.js
FN:11,(anonymous_1)
FN:43,(anonymous_2)
FN:59,(anonymous_3)
FN:75,(anonymous_4)
FN:96,(anonymous_5)
FN:121,(anonymous_6)
FN:142,(anonymous_7)
FNF:7
FNH:7
FNDA:4,(anonymous_1)
FNDA:3,(anonymous_2)
FNDA:2,(anonymous_3)
FNDA:1,(anonymous_4)
FNDA:1,(anonymous_5)
FNDA:2,(anonymous_6)
FNDA:3,(anonymous_7)
DA:1,1
DA:2,1
DA:11,1
DA:12,4
DA:13,1
DA:18,3
DA:19,1
DA:24,2
DA:25,2
DA:26,1
DA:31,1
DA:32,1
DA:37,0
DA:43,1
DA:44,3
DA:45,1
DA:46,1
DA:47,0
DA:52,1
DA:57,2
DA:59,1
DA:60,2
DA:61,1
DA:63,1
DA:64,1
DA:65,0
DA:70,1
DA:75,1
DA:76,1
DA:77,1
DA:78,1
DA:79,0
DA:84,1
DA:90,0
DA:96,1
DA:97,1
DA:98,1
DA:99,1
DA:100,1
DA:106,0
DA:112,0
DA:116,0
DA:121,1
DA:122,2
DA:123,2
DA:124,2
DA:125,1
DA:130,1
DA:135,0
DA:142,1
DA:143,3
DA:144,3
DA:145,3
DA:146,3
DA:147,2
DA:152,1
DA:157,0
LF:57
LH:47
BRDA:12,0,0,1
BRDA:12,0,1,3
BRDA:18,1,0,1
BRDA:18,1,1,2
BRDA:31,2,0,1
BRDA:31,2,1,0
BRDA:44,3,0,1
BRDA:44,3,1,2
BRDA:46,4,0,0
BRDA:46,4,1,1
BRDA:60,5,0,1
BRDA:60,5,1,1
BRDA:64,6,0,0
BRDA:64,6,1,1
BRDA:78,7,0,0
BRDA:78,7,1,1
BRDA:99,8,0,1
BRDA:99,8,1,0
BRDA:124,9,0,1
BRDA:124,9,1,1
BRDA:146,10,0,2
BRDA:146,10,1,1
BRF:22
BRH:17
end_of_record
